<?xml version="1.0" encoding="UTF-8"?>
<testsuite name="com.product.star.homework.ContactDaoTests" tests="6" skipped="0" failures="0" errors="0" timestamp="2023-08-17T16:48:05" hostname="DESKTOP-A9C5UGQ" time="0.579">
  <properties/>
  <testcase name="addContact()" classname="com.product.star.homework.ContactDaoTests" time="0.459"/>
  <testcase name="getAllContacts()" classname="com.product.star.homework.ContactDaoTests" time="0.048"/>
  <testcase name="updateEmail()" classname="com.product.star.homework.ContactDaoTests" time="0.018"/>
  <testcase name="deleteContact()" classname="com.product.star.homework.ContactDaoTests" time="0.02"/>
  <testcase name="updatePhoneNumber()" classname="com.product.star.homework.ContactDaoTests" time="0.015"/>
  <testcase name="getContact()" classname="com.product.star.homework.ContactDaoTests" time="0.014"/>
  <system-out><![CDATA[]]></system-out>
  <system-err><![CDATA[Aug 17, 2023 7:48:05 PM org.springframework.test.context.support.AbstractTestContextBootstrapper getDefaultTestExecutionListenerClassNames
INFO: Loaded default TestExecutionListener class names from location [META-INF/spring.factories]: [org.springframework.test.context.web.ServletTestExecutionListener, org.springframework.test.context.support.DirtiesContextBeforeModesTestExecutionListener, org.springframework.test.context.event.ApplicationEventsTestExecutionListener, org.springframework.test.context.support.DependencyInjectionTestExecutionListener, org.springframework.test.context.support.DirtiesContextTestExecutionListener, org.springframework.test.context.transaction.TransactionalTestExecutionListener, org.springframework.test.context.jdbc.SqlScriptsTestExecutionListener, org.springframework.test.context.event.EventPublishingTestExecutionListener]
Aug 17, 2023 7:48:05 PM org.springframework.test.context.support.AbstractTestContextBootstrapper getTestExecutionListeners
INFO: Using TestExecutionListeners: [org.springframework.test.context.support.DirtiesContextBeforeModesTestExecutionListener@14ff4853, org.springframework.test.context.event.ApplicationEventsTestExecutionListener@512cedd9, org.springframework.test.context.support.DependencyInjectionTestExecutionListener@56dff76, org.springframework.test.context.support.DirtiesContextTestExecutionListener@7a4b7b55, org.springframework.test.context.transaction.TransactionalTestExecutionListener@1418199f, org.springframework.test.context.jdbc.SqlScriptsTestExecutionListener@226c6ce0, org.springframework.test.context.event.EventPublishingTestExecutionListener@4810a194]
]]></system-err>
</testsuite>
